This is pdfTeX, Version 3.141592653-2.6-1.40.24 (MiKTeX 22.1) (preloaded format=pdflatex 2026.2.13)  13 FEB 2026 10:49
entering extended mode
 restricted \write18 enabled.
 %&-line parsing enabled.
**./main.tex
(main.tex
LaTeX2e <2025-11-01>
L3 programming layer <2026-01-19>

(/Users/sava/Library/Application Support/MiKTeX/texmfs/install/tex/latex/base/a
rticle.cls
Document Class: article 2025/01/22 v1.4n Standard LaTeX document class

(/Users/sava/Library/Application Support/MiKTeX/texmfs/install/tex/latex/base/s
ize12.clo
File: size12.clo 2025/01/22 v1.4n Standard LaTeX file (size option)
)
\c@part=\count275
\c@section=\count276
\c@subsection=\count277
\c@subsubsection=\count278
\c@paragraph=\count279
\c@subparagraph=\count280
\c@figure=\count281
\c@table=\count282
\abovecaptionskip=\skip49
\belowcaptionskip=\skip50
\bibindent=\dimen148
)
(/Users/sava/Library/Application Support/MiKTeX/texmfs/install/tex/latex/base/i
nputenc.sty
Package: inputenc 2024/02/08 v1.3d Input encoding file
\inpenc@prehook=\toks17
\inpenc@posthook=\toks18
)
(/Users/sava/Library/Application Support/MiKTeX/texmfs/install/tex/latex/graphi
cs/graphicx.sty
Package: graphicx 2024/12/31 v1.2e Enhanced LaTeX Graphics (DPC,SPQR)

(/Users/sava/Library/Application Support/MiKTeX/texmfs/install/tex/latex/graphi
cs/keyval.sty
Package: keyval 2022/05/29 v1.15 key=value parser (DPC)
\KV@toks@=\toks19
)
(/Users/sava/Library/Application Support/MiKTeX/texmfs/install/tex/latex/graphi
cs/graphics.sty
Package: graphics 2024/08/06 v1.4g Standard LaTeX Graphics (DPC,SPQR)

(/Users/sava/Library/Application Support/MiKTeX/texmfs/install/tex/latex/graphi
cs/trig.sty
Package: trig 2023/12/02 v1.11 sin cos tan (DPC)
)
(/Users/sava/Library/Application Support/MiKTeX/texmfs/install/tex/latex/graphi
cs-cfg/graphics.cfg
File: graphics.cfg 2016/06/04 v1.11 sample graphics configuration
)
Package graphics Info: Driver file: pdftex.def on input line 106.

(/Users/sava/Library/Application Support/MiKTeX/texmfs/install/tex/latex/graphi
cs-def/pdftex.def
File: pdftex.def 2025/09/29 v1.2d Graphics/color driver for pdftex
))
\Gin@req@height=\dimen149
\Gin@req@width=\dimen150
)
(/Users/sava/Library/Application Support/MiKTeX/texmfs/install/tex/latex/captio
n/subcaption.sty
Package: subcaption 2023/07/28 v1.6b Sub-captions (AR)

(/Users/sava/Library/Application Support/MiKTeX/texmfs/install/tex/latex/captio
n/caption.sty
Package: caption 2023/08/05 v3.6o Customizing captions (AR)

(/Users/sava/Library/Application Support/MiKTeX/texmfs/install/tex/latex/captio
n/caption3.sty
Package: caption3 2023/07/31 v2.4d caption3 kernel (AR)
\caption@tempdima=\dimen151
\captionmargin=\dimen152
\caption@leftmargin=\dimen153
\caption@rightmargin=\dimen154
\caption@width=\dimen155
\caption@indent=\dimen156
\caption@parindent=\dimen157
\caption@hangindent=\dimen158
Package caption Info: Standard document class detected.
)
\c@caption@flags=\count283
\c@continuedfloat=\count284
)
Package caption Info: New subtype `subfigure' on input line 238.
\c@subfigure=\count285
Package caption Info: New subtype `subtable' on input line 238.
\c@subtable=\count286
)
(/Users/sava/Library/Application Support/MiKTeX/texmfs/install/tex/latex/amsmat
h/amsmath.sty
Package: amsmath 2025/07/09 v2.17z AMS math features
\@mathmargin=\skip51

For additional information on amsmath, use the `?' option.

(/Users/sava/Library/Application Support/MiKTeX/texmfs/install/tex/latex/amsmat
h/amstext.sty
Package: amstext 2024/11/17 v2.01 AMS text

(/Users/sava/Library/Application Support/MiKTeX/texmfs/install/tex/latex/amsmat
h/amsgen.sty
File: amsgen.sty 1999/11/30 v2.0 generic functions
\@emptytoks=\toks20
\ex@=\dimen159
))
(/Users/sava/Library/Application Support/MiKTeX/texmfs/install/tex/latex/amsmat
h/amsbsy.sty
Package: amsbsy 1999/11/29 v1.2d Bold Symbols
\pmbraise@=\dimen160
)
(/Users/sava/Library/Application Support/MiKTeX/texmfs/install/tex/latex/amsmat
h/amsopn.sty
Package: amsopn 2022/04/08 v2.04 operator names
)
\inf@bad=\count287
LaTeX Info: Redefining \frac on input line 233.
\uproot@=\count288
\leftroot@=\count289
LaTeX Info: Redefining \overline on input line 398.
LaTeX Info: Redefining \colon on input line 409.
\classnum@=\count290
\DOTSCASE@=\count291
LaTeX Info: Redefining \ldots on input line 495.
LaTeX Info: Redefining \dots on input line 498.
LaTeX Info: Redefining \cdots on input line 619.
\Mathstrutbox@=\box53
\strutbox@=\box54
LaTeX Info: Redefining \big on input line 721.
LaTeX Info: Redefining \Big on input line 722.
LaTeX Info: Redefining \bigg on input line 723.
LaTeX Info: Redefining \Bigg on input line 724.
\big@size=\dimen161
LaTeX Font Info:    Redeclaring font encoding OML on input line 742.
LaTeX Font Info:    Redeclaring font encoding OMS on input line 743.
\macc@depth=\count292
LaTeX Info: Redefining \bmod on input line 904.
LaTeX Info: Redefining \pmod on input line 909.
LaTeX Info: Redefining \smash on input line 939.
LaTeX Info: Redefining \relbar on input line 969.
LaTeX Info: Redefining \Relbar on input line 970.
\c@MaxMatrixCols=\count293
\dotsspace@=\muskip17
\c@parentequation=\count294
\dspbrk@lvl=\count295
\tag@help=\toks21
\row@=\count296
\column@=\count297
\maxfields@=\count298
\andhelp@=\toks22
\eqnshift@=\dimen162
\alignsep@=\dimen163
\tagshift@=\dimen164
\tagwidth@=\dimen165
\totwidth@=\dimen166
\lineht@=\dimen167
\@envbody=\toks23
\multlinegap=\skip52
\multlinetaggap=\skip53
\mathdisplay@stack=\toks24
LaTeX Info: Redefining \[ on input line 2950.
LaTeX Info: Redefining \] on input line 2951.
)
(/Users/sava/Library/Application Support/MiKTeX/texmfs/install/tex/latex/fancyh
dr/fancyhdr.sty
Package: fancyhdr 2025/02/07 v5.2 Extensive control of page headers and footers

\f@nch@headwidth=\skip54
\f@nch@offset@elh=\skip55
\f@nch@offset@erh=\skip56
\f@nch@offset@olh=\skip57
\f@nch@offset@orh=\skip58
\f@nch@offset@elf=\skip59
\f@nch@offset@erf=\skip60
\f@nch@offset@olf=\skip61
\f@nch@offset@orf=\skip62
\f@nch@height=\skip63
\f@nch@footalignment=\skip64
\f@nch@widthL=\skip65
\f@nch@widthC=\skip66
\f@nch@widthR=\skip67
\@temptokenb=\toks25
)
(/Users/sava/Library/Application Support/MiKTeX/texmfs/install/tex/latex/geomet
ry/geometry.sty
Package: geometry 2020/01/02 v5.9 Page Geometry

(/Users/sava/Library/Application Support/MiKTeX/texmfs/install/tex/generic/ifte
x/ifvtex.sty
Package: ifvtex 2019/10/25 v1.7 ifvtex legacy package. Use iftex instead.

(/Users/sava/Library/Application Support/MiKTeX/texmfs/install/tex/generic/ifte
x/iftex.sty
Package: iftex 2024/12/12 v1.0g TeX engine tests
))
\Gm@cnth=\count299
\Gm@cntv=\count300
\c@Gm@tempcnt=\count301
\Gm@bindingoffset=\dimen168
\Gm@wd@mp=\dimen169
\Gm@odd@mp=\dimen170
\Gm@even@mp=\dimen171
\Gm@layoutwidth=\dimen172
\Gm@layoutheight=\dimen173
\Gm@layouthoffset=\dimen174
\Gm@layoutvoffset=\dimen175
\Gm@dimlist=\toks26

(/Users/sava/Library/Application Support/MiKTeX/texmfs/install/tex/latex/geomet
ry/geometry.cfg))
(/Users/sava/Library/Application Support/MiKTeX/texmfs/install/tex/latex/dirtyt
alk/dirtytalk.sty
Package: dirtytalk 2010/11/21 A package making "quoting" easier

(/Users/sava/Library/Application Support/MiKTeX/texmfs/install/tex/latex/kvopti
ons/kvoptions.sty
Package: kvoptions 2022-06-15 v3.15 Key value format for package options (HO)

(/Users/sava/Library/Application Support/MiKTeX/texmfs/install/tex/generic/ltxc
mds/ltxcmds.sty
Package: ltxcmds 2023-12-04 v1.26 LaTeX kernel commands for general use (HO)
)
(/Users/sava/Library/Application Support/MiKTeX/texmfs/install/tex/latex/kvsetk
eys/kvsetkeys.sty
Package: kvsetkeys 2022-10-05 v1.19 Key value parser (HO)
))
(/Users/sava/Library/Application Support/MiKTeX/texmfs/install/tex/latex/base/i
fthen.sty
Package: ifthen 2024/03/16 v1.1e Standard LaTeX ifthen package (DPC)
)
\c@dirtytalk@qdepth=\count302
)
(/Users/sava/Library/Application Support/MiKTeX/texmfs/install/tex/generic/babe
l/babel.sty
Package: babel 2026/01/26 v26.2 The multilingual framework for LuaLaTeX, pdfLaT
eX and XeLaTeX
\babel@savecnt=\count303
LaTeX Encoding Info:    Redeclaring text command \ij (encoding OT1) on input li
ne 2078.
LaTeX Encoding Info:    Redeclaring text command \IJ (encoding OT1) on input li
ne 2080.
LaTeX Encoding Info:    Redeclaring text command \ij (encoding T1) on input lin
e 2082.
LaTeX Encoding Info:    Redeclaring text command \IJ (encoding T1) on input lin
e 2083.
LaTeX Encoding Info:    Ignoring declaration for text command \ij (encoding ?) 
on input line 2084.
LaTeX Encoding Info:    Ignoring declaration for text command \IJ (encoding ?) 
on input line 2086.
LaTeX Encoding Info:    Ignoring declaration for text command \SS (encoding ?) 
on input line 2111.
\U@D=\dimen176
\l@unhyphenated=\language1

(/Users/sava/Library/Application Support/MiKTeX/texmfs/install/tex/generic/babe
l/txtbabel.def)
\bbl@readstream=\read2
\bbl@dirlevel=\count304
Package babel Info: Configuration files are deprecated, as
(babel)             they can break document portability.
(babel)             Reported on input line 4206.

*************************************
* Local config file bblopts.cfg used
*

(/Users/sava/Library/Application Support/MiKTeX/texmfs/install/tex/latex/arabi/
bblopts.cfg
File: bblopts.cfg 2005/09/08 v0.1 add Arabic and Farsi to "declared" options of
 babel
)
(/Users/sava/Library/Application Support/MiKTeX/texmfs/install/tex/generic/babe
l/locale/en/babel-english.tex)
Package babel Info: Importing font and identification data for english
(babel)             from babel-en.ini. Reported on input line 4330.

(/Users/sava/Library/Application Support/MiKTeX/texmfs/install/tex/latex/babel-
english/english.ldf
Language: english 2017/06/06 v3.3r English support from the babel system
))
(/Users/sava/Library/Application Support/MiKTeX/texmfs/install/tex/latex/csquot
es/csquotes.sty
Package: csquotes 2024-04-04 v5.2o context-sensitive quotations (JAW)

(/Users/sava/Library/Application Support/MiKTeX/texmfs/install/tex/latex/etoolb
ox/etoolbox.sty
Package: etoolbox 2025/10/02 v2.5m e-TeX tools for LaTeX (JAW)
\etb@tempcnta=\count305
)
\csq@reset=\count306
\csq@gtype=\count307
\csq@glevel=\count308
\csq@qlevel=\count309
\csq@maxlvl=\count310
\csq@tshold=\count311
\csq@ltx@everypar=\toks27

(/Users/sava/Library/Application Support/MiKTeX/texmfs/install/tex/latex/csquot
es/csquotes.def
File: csquotes.def 2024-04-04 v5.2o csquotes generic definitions (JAW)
)
Package csquotes Info: Trying to load configuration file 'csquotes.cfg'...
Package csquotes Info: ... configuration file loaded successfully.

(/Users/sava/Library/Application Support/MiKTeX/texmfs/install/tex/latex/csquot
es/csquotes.cfg
File: csquotes.cfg 
))
(/Users/sava/Library/Application Support/MiKTeX/texmfs/install/tex/latex/hyperr
ef/hyperref.sty
Package: hyperref 2026-01-29 v7.01p Hypertext links for LaTeX

(/Users/sava/Library/Application Support/MiKTeX/texmfs/install/tex/generic/kvde
finekeys/kvdefinekeys.sty
Package: kvdefinekeys 2019-12-19 v1.6 Define keys (HO)
)
(/Users/sava/Library/Application Support/MiKTeX/texmfs/install/tex/generic/pdfe
scape/pdfescape.sty
Package: pdfescape 2019/12/09 v1.15 Implements pdfTeX's escape features (HO)

(/Users/sava/Library/Application Support/MiKTeX/texmfs/install/tex/generic/pdft
excmds/pdftexcmds.sty
Package: pdftexcmds 2020-06-27 v0.33 Utility functions of pdfTeX for LuaTeX (HO
)

(/Users/sava/Library/Application Support/MiKTeX/texmfs/install/tex/generic/infw
arerr/infwarerr.sty
Package: infwarerr 2019/12/03 v1.5 Providing info/warning/error messages (HO)
)
Package pdftexcmds Info: \pdf@primitive is available.
Package pdftexcmds Info: \pdf@ifprimitive is available.
Package pdftexcmds Info: \pdfdraftmode found.
))
(/Users/sava/Library/Application Support/MiKTeX/texmfs/install/tex/latex/hycolo
r/hycolor.sty
Package: hycolor 2020-01-27 v1.10 Color options for hyperref/bookmark (HO)
)
(/Users/sava/Library/Application Support/MiKTeX/texmfs/install/tex/latex/hyperr
ef/nameref.sty
Package: nameref 2026-01-29 v2.58 Cross-referencing by name of section

(/Users/sava/Library/Application Support/MiKTeX/texmfs/install/tex/latex/refcou
nt/refcount.sty
Package: refcount 2019/12/15 v3.6 Data extraction from label references (HO)
)
(/Users/sava/Library/Application Support/MiKTeX/texmfs/install/tex/generic/gett
itlestring/gettitlestring.sty
Package: gettitlestring 2019/12/15 v1.6 Cleanup title references (HO)
)
\c@section@level=\count312
)
(/Users/sava/Library/Application Support/MiKTeX/texmfs/install/tex/generic/stri
ngenc/stringenc.sty
Package: stringenc 2019/11/29 v1.12 Convert strings between diff. encodings (HO
)
)
\@linkdim=\dimen177
\Hy@linkcounter=\count313
\Hy@pagecounter=\count314

(/Users/sava/Library/Application Support/MiKTeX/texmfs/install/tex/latex/hyperr
ef/pd1enc.def
File: pd1enc.def 2026-01-29 v7.01p Hyperref: PDFDocEncoding definition (HO)
Now handling font encoding PD1 ...
... no UTF-8 mapping file for font encoding PD1
)
(/Users/sava/Library/Application Support/MiKTeX/texmfs/install/tex/generic/intc
alc/intcalc.sty
Package: intcalc 2019/12/15 v1.3 Expandable calculations with integers (HO)
)
\Hy@SavedSpaceFactor=\count315

(/Users/sava/Library/Application Support/MiKTeX/texmfs/install/tex/latex/hyperr
ef/puenc.def
File: puenc.def 2026-01-29 v7.01p Hyperref: PDF Unicode definition (HO)
Now handling font encoding PU ...
... no UTF-8 mapping file for font encoding PU
)
Package hyperref Info: Hyper figures OFF on input line 4201.
Package hyperref Info: Link nesting OFF on input line 4206.
Package hyperref Info: Hyper index ON on input line 4209.
Package hyperref Info: Plain pages OFF on input line 4216.
Package hyperref Info: Backreferencing OFF on input line 4221.
Package hyperref Info: Implicit mode ON; LaTeX internals redefined.
Package hyperref Info: Bookmarks ON on input line 4468.
\c@Hy@tempcnt=\count316

(/Users/sava/Library/Application Support/MiKTeX/texmfs/install/tex/latex/url/ur
l.sty
\Urlmuskip=\muskip18
Package: url 2013/09/16  ver 3.4  Verb mode for urls, etc.
)
LaTeX Info: Redefining \url on input line 4807.
\XeTeXLinkMargin=\dimen178

(/Users/sava/Library/Application Support/MiKTeX/texmfs/install/tex/generic/bits
et/bitset.sty
Package: bitset 2019/12/09 v1.3 Handle bit-vector datatype (HO)

(/Users/sava/Library/Application Support/MiKTeX/texmfs/install/tex/generic/bigi
ntcalc/bigintcalc.sty
Package: bigintcalc 2019/12/15 v1.5 Expandable calculations on big integers (HO
)
))
\Fld@menulength=\count317
\Field@Width=\dimen179
\Fld@charsize=\dimen180
Package hyperref Info: Hyper figures OFF on input line 6084.
Package hyperref Info: Link nesting OFF on input line 6089.
Package hyperref Info: Hyper index ON on input line 6092.
Package hyperref Info: backreferencing OFF on input line 6099.
Package hyperref Info: Link coloring OFF on input line 6104.
Package hyperref Info: Link coloring with OCG OFF on input line 6109.
Package hyperref Info: PDF/A mode OFF on input line 6114.
\Hy@abspage=\count318
\c@Item=\count319
\c@Hfootnote=\count320
)
Package hyperref Info: Driver (autodetected): hpdftex.

(/Users/sava/Library/Application Support/MiKTeX/texmfs/install/tex/latex/hyperr
ef/hpdftex.def
File: hpdftex.def 2026-01-29 v7.01p Hyperref driver for pdfTeX
\Fld@listcount=\count321
\c@bookmark@seq@number=\count322

(/Users/sava/Library/Application Support/MiKTeX/texmfs/install/tex/latex/rerunf
ilecheck/rerunfilecheck.sty
Package: rerunfilecheck 2025-06-21 v1.11 Rerun checks for auxiliary files (HO)

(/Users/sava/Library/Application Support/MiKTeX/texmfs/install/tex/generic/uniq
uecounter/uniquecounter.sty
Package: uniquecounter 2019/12/15 v1.4 Provide unlimited unique counter (HO)
)
Package uniquecounter Info: New unique counter `rerunfilecheck' on input line 2
84.
)
\Hy@SectionHShift=\skip68
)
(/Users/sava/Library/Application Support/MiKTeX/texmfs/install/tex/latex/listin
gs/listings.sty
\lst@mode=\count323
\lst@gtempboxa=\box55
\lst@token=\toks28
\lst@length=\count324
\lst@currlwidth=\dimen181
\lst@column=\count325
\lst@pos=\count326
\lst@lostspace=\dimen182
\lst@width=\dimen183
\lst@newlines=\count327
\lst@lineno=\count328
\lst@maxwidth=\dimen184

(/Users/sava/Library/Application Support/MiKTeX/texmfs/install/tex/latex/listin
gs/lstpatch.sty
File: lstpatch.sty 2025/11/14 1.11b (Carsten Heinz)
)
(/Users/sava/Library/Application Support/MiKTeX/texmfs/install/tex/latex/listin
gs/lstmisc.sty
File: lstmisc.sty 2025/11/14 1.11b (Carsten Heinz)
\c@lstnumber=\count329
\lst@skipnumbers=\count330
\lst@framebox=\box56
)
(/Users/sava/Library/Application Support/MiKTeX/texmfs/install/tex/latex/listin
gs/listings.cfg
File: listings.cfg 2025/11/14 1.11b listings configuration
))
Package: listings 2025/11/14 1.11b (Carsten Heinz)

==> First Aid for listings.sty no longer applied!
    Expected:
        2024/09/23 1.10c (Carsten Heinz)
    but found:
        2025/11/14 1.11b (Carsten Heinz)
    so I'm assuming it got fixed.

(/Users/sava/Library/Application Support/MiKTeX/texmfs/install/tex/latex/xcolor
/xcolor.sty
Package: xcolor 2024/09/29 v3.02 LaTeX color extensions (UK)

(/Users/sava/Library/Application Support/MiKTeX/texmfs/install/tex/latex/graphi
cs-cfg/color.cfg
File: color.cfg 2016/01/02 v1.6 sample color configuration
)
Package xcolor Info: Driver file: pdftex.def on input line 274.

(/Users/sava/Library/Application Support/MiKTeX/texmfs/install/tex/latex/graphi
cs/mathcolor.ltx)
Package xcolor Info: Model `cmy' substituted by `cmy0' on input line 1349.
Package xcolor Info: Model `hsb' substituted by `rgb' on input line 1353.
Package xcolor Info: Model `RGB' extended on input line 1365.
Package xcolor Info: Model `HTML' substituted by `rgb' on input line 1367.
Package xcolor Info: Model `Hsb' substituted by `hsb' on input line 1368.
Package xcolor Info: Model `tHsb' substituted by `hsb' on input line 1369.
Package xcolor Info: Model `HSB' substituted by `hsb' on input line 1370.
Package xcolor Info: Model `Gray' substituted by `gray' on input line 1371.
Package xcolor Info: Model `wave' substituted by `hsb' on input line 1372.
)
(/Users/sava/Library/Application Support/MiKTeX/texmfs/install/tex/latex/pgf/fr
ontendlayer/tikz.sty
(/Users/sava/Library/Application Support/MiKTeX/texmfs/install/tex/latex/pgf/ba
siclayer/pgf.sty
(/Users/sava/Library/Application Support/MiKTeX/texmfs/install/tex/latex/pgf/ut
ilities/pgfrcs.sty
(/Users/sava/Library/Application Support/MiKTeX/texmfs/install/tex/generic/pgf/
utilities/pgfutil-common.tex
\pgfutil@everybye=\toks29
\pgfutil@tempdima=\dimen185
\pgfutil@tempdimb=\dimen186
)
(/Users/sava/Library/Application Support/MiKTeX/texmfs/install/tex/generic/pgf/
utilities/pgfutil-latex.def
\pgfutil@abb=\box57
)
(/Users/sava/Library/Application Support/MiKTeX/texmfs/install/tex/generic/pgf/
utilities/pgfrcs.code.tex
(/Users/sava/Library/Application Support/MiKTeX/texmfs/install/tex/generic/pgf/
pgf.revision.tex)
Package: pgfrcs 2025-08-29 v3.1.11a (3.1.11a)
))
Package: pgf 2025-08-29 v3.1.11a (3.1.11a)

(/Users/sava/Library/Application Support/MiKTeX/texmfs/install/tex/latex/pgf/ba
siclayer/pgfcore.sty
(/Users/sava/Library/Application Support/MiKTeX/texmfs/install/tex/latex/pgf/sy
stemlayer/pgfsys.sty
(/Users/sava/Library/Application Support/MiKTeX/texmfs/install/tex/generic/pgf/
systemlayer/pgfsys.code.tex
Package: pgfsys 2025-08-29 v3.1.11a (3.1.11a)

(/Users/sava/Library/Application Support/MiKTeX/texmfs/install/tex/generic/pgf/
utilities/pgfkeys.code.tex
\pgfkeys@pathtoks=\toks30
\pgfkeys@temptoks=\toks31

(/Users/sava/Library/Application Support/MiKTeX/texmfs/install/tex/generic/pgf/
utilities/pgfkeyslibraryfiltered.code.tex
\pgfkeys@tmptoks=\toks32
))
\pgf@x=\dimen187
\pgf@y=\dimen188
\pgf@xa=\dimen189
\pgf@ya=\dimen190
\pgf@xb=\dimen191
\pgf@yb=\dimen192
\pgf@xc=\dimen193
\pgf@yc=\dimen194
\pgf@xd=\dimen195
\pgf@yd=\dimen196
\w@pgf@writea=\write3
\r@pgf@reada=\read3
\c@pgf@counta=\count331
\c@pgf@countb=\count332
\c@pgf@countc=\count333
\c@pgf@countd=\count334
\t@pgf@toka=\toks33
\t@pgf@tokb=\toks34
\t@pgf@tokc=\toks35
\pgf@sys@id@count=\count335

(/Users/sava/Library/Application Support/MiKTeX/texmfs/install/tex/generic/pgf/
systemlayer/pgf.cfg
File: pgf.cfg 2025-08-29 v3.1.11a (3.1.11a)
)
Driver file for pgf: pgfsys-pdftex.def

(/Users/sava/Library/Application Support/MiKTeX/texmfs/install/tex/generic/pgf/
systemlayer/pgfsys-pdftex.def
File: pgfsys-pdftex.def 2025-08-29 v3.1.11a (3.1.11a)

(/Users/sava/Library/Application Support/MiKTeX/texmfs/install/tex/generic/pgf/
systemlayer/pgfsys-common-pdf.def
File: pgfsys-common-pdf.def 2025-08-29 v3.1.11a (3.1.11a)
)))
(/Users/sava/Library/Application Support/MiKTeX/texmfs/install/tex/generic/pgf/
systemlayer/pgfsyssoftpath.code.tex
File: pgfsyssoftpath.code.tex 2025-08-29 v3.1.11a (3.1.11a)
\pgfsyssoftpath@smallbuffer@items=\count336
\pgfsyssoftpath@bigbuffer@items=\count337
)
(/Users/sava/Library/Application Support/MiKTeX/texmfs/install/tex/generic/pgf/
systemlayer/pgfsysprotocol.code.tex
File: pgfsysprotocol.code.tex 2025-08-29 v3.1.11a (3.1.11a)
))
(/Users/sava/Library/Application Support/MiKTeX/texmfs/install/tex/generic/pgf/
basiclayer/pgfcore.code.tex
Package: pgfcore 2025-08-29 v3.1.11a (3.1.11a)

(/Users/sava/Library/Application Support/MiKTeX/texmfs/install/tex/generic/pgf/
math/pgfmath.code.tex
(/Users/sava/Library/Application Support/MiKTeX/texmfs/install/tex/generic/pgf/
math/pgfmathutil.code.tex)
(/Users/sava/Library/Application Support/MiKTeX/texmfs/install/tex/generic/pgf/
math/pgfmathparser.code.tex
\pgfmath@dimen=\dimen197
\pgfmath@count=\count338
\pgfmath@box=\box58
\pgfmath@toks=\toks36
\pgfmath@stack@operand=\toks37
\pgfmath@stack@operation=\toks38
)
(/Users/sava/Library/Application Support/MiKTeX/texmfs/install/tex/generic/pgf/
math/pgfmathfunctions.code.tex)
(/Users/sava/Library/Application Support/MiKTeX/texmfs/install/tex/generic/pgf/
math/pgfmathfunctions.basic.code.tex)
(/Users/sava/Library/Application Support/MiKTeX/texmfs/install/tex/generic/pgf/
math/pgfmathfunctions.trigonometric.code.tex)
(/Users/sava/Library/Application Support/MiKTeX/texmfs/install/tex/generic/pgf/
math/pgfmathfunctions.random.code.tex)
(/Users/sava/Library/Application Support/MiKTeX/texmfs/install/tex/generic/pgf/
math/pgfmathfunctions.comparison.code.tex)
(/Users/sava/Library/Application Support/MiKTeX/texmfs/install/tex/generic/pgf/
math/pgfmathfunctions.base.code.tex)
(/Users/sava/Library/Application Support/MiKTeX/texmfs/install/tex/generic/pgf/
math/pgfmathfunctions.round.code.tex)
(/Users/sava/Library/Application Support/MiKTeX/texmfs/install/tex/generic/pgf/
math/pgfmathfunctions.misc.code.tex)
(/Users/sava/Library/Application Support/MiKTeX/texmfs/install/tex/generic/pgf/
math/pgfmathfunctions.integerarithmetics.code.tex)
(/Users/sava/Library/Application Support/MiKTeX/texmfs/install/tex/generic/pgf/
math/pgfmathcalc.code.tex)
(/Users/sava/Library/Application Support/MiKTeX/texmfs/install/tex/generic/pgf/
math/pgfmathfloat.code.tex
\c@pgfmathroundto@lastzeros=\count339
))
(/Users/sava/Library/Application Support/MiKTeX/texmfs/install/tex/generic/pgf/
math/pgfint.code.tex)
(/Users/sava/Library/Application Support/MiKTeX/texmfs/install/tex/generic/pgf/
basiclayer/pgfcorepoints.code.tex
File: pgfcorepoints.code.tex 2025-08-29 v3.1.11a (3.1.11a)
\pgf@picminx=\dimen198
\pgf@picmaxx=\dimen199
\pgf@picminy=\dimen256
\pgf@picmaxy=\dimen257
\pgf@pathminx=\dimen258
\pgf@pathmaxx=\dimen259
\pgf@pathminy=\dimen260
\pgf@pathmaxy=\dimen261
\pgf@xx=\dimen262
\pgf@xy=\dimen263
\pgf@yx=\dimen264
\pgf@yy=\dimen265
\pgf@zx=\dimen266
\pgf@zy=\dimen267
)
(/Users/sava/Library/Application Support/MiKTeX/texmfs/install/tex/generic/pgf/
basiclayer/pgfcorepathconstruct.code.tex
File: pgfcorepathconstruct.code.tex 2025-08-29 v3.1.11a (3.1.11a)
\pgf@path@lastx=\dimen268
\pgf@path@lasty=\dimen269
)
(/Users/sava/Library/Application Support/MiKTeX/texmfs/install/tex/generic/pgf/
basiclayer/pgfcorepathusage.code.tex
File: pgfcorepathusage.code.tex 2025-08-29 v3.1.11a (3.1.11a)
\pgf@shorten@end@additional=\dimen270
\pgf@shorten@start@additional=\dimen271
)
(/Users/sava/Library/Application Support/MiKTeX/texmfs/install/tex/generic/pgf/
basiclayer/pgfcorescopes.code.tex
File: pgfcorescopes.code.tex 2025-08-29 v3.1.11a (3.1.11a)
\pgfpic=\box59
\pgf@hbox=\box60
\pgf@layerbox@main=\box61
\pgf@picture@serial@count=\count340
)
(/Users/sava/Library/Application Support/MiKTeX/texmfs/install/tex/generic/pgf/
basiclayer/pgfcoregraphicstate.code.tex
File: pgfcoregraphicstate.code.tex 2025-08-29 v3.1.11a (3.1.11a)
\pgflinewidth=\dimen272
)
(/Users/sava/Library/Application Support/MiKTeX/texmfs/install/tex/generic/pgf/
basiclayer/pgfcoretransformations.code.tex
File: pgfcoretransformations.code.tex 2025-08-29 v3.1.11a (3.1.11a)
\pgf@pt@x=\dimen273
\pgf@pt@y=\dimen274
\pgf@pt@temp=\dimen275
)
(/Users/sava/Library/Application Support/MiKTeX/texmfs/install/tex/generic/pgf/
basiclayer/pgfcorequick.code.tex
File: pgfcorequick.code.tex 2025-08-29 v3.1.11a (3.1.11a)
)
(/Users/sava/Library/Application Support/MiKTeX/texmfs/install/tex/generic/pgf/
basiclayer/pgfcoreobjects.code.tex
File: pgfcoreobjects.code.tex 2025-08-29 v3.1.11a (3.1.11a)
)
(/Users/sava/Library/Application Support/MiKTeX/texmfs/install/tex/generic/pgf/
basiclayer/pgfcorepathprocessing.code.tex
File: pgfcorepathprocessing.code.tex 2025-08-29 v3.1.11a (3.1.11a)
)
(/Users/sava/Library/Application Support/MiKTeX/texmfs/install/tex/generic/pgf/
basiclayer/pgfcorearrows.code.tex
File: pgfcorearrows.code.tex 2025-08-29 v3.1.11a (3.1.11a)
\pgfarrowsep=\dimen276
)
(/Users/sava/Library/Application Support/MiKTeX/texmfs/install/tex/generic/pgf/
basiclayer/pgfcoreshade.code.tex
File: pgfcoreshade.code.tex 2025-08-29 v3.1.11a (3.1.11a)
\pgf@max=\dimen277
\pgf@sys@shading@range@num=\count341
\pgf@shadingcount=\count342
)
(/Users/sava/Library/Application Support/MiKTeX/texmfs/install/tex/generic/pgf/
basiclayer/pgfcoreimage.code.tex
File: pgfcoreimage.code.tex 2025-08-29 v3.1.11a (3.1.11a)
)
(/Users/sava/Library/Application Support/MiKTeX/texmfs/install/tex/generic/pgf/
basiclayer/pgfcoreexternal.code.tex
File: pgfcoreexternal.code.tex 2025-08-29 v3.1.11a (3.1.11a)
\pgfexternal@startupbox=\box62
)
(/Users/sava/Library/Application Support/MiKTeX/texmfs/install/tex/generic/pgf/
basiclayer/pgfcorelayers.code.tex
File: pgfcorelayers.code.tex 2025-08-29 v3.1.11a (3.1.11a)
)
(/Users/sava/Library/Application Support/MiKTeX/texmfs/install/tex/generic/pgf/
basiclayer/pgfcoretransparency.code.tex
File: pgfcoretransparency.code.tex 2025-08-29 v3.1.11a (3.1.11a)
)
(/Users/sava/Library/Application Support/MiKTeX/texmfs/install/tex/generic/pgf/
basiclayer/pgfcorepatterns.code.tex
File: pgfcorepatterns.code.tex 2025-08-29 v3.1.11a (3.1.11a)
)
(/Users/sava/Library/Application Support/MiKTeX/texmfs/install/tex/generic/pgf/
basiclayer/pgfcorerdf.code.tex
File: pgfcorerdf.code.tex 2025-08-29 v3.1.11a (3.1.11a)
)))
(/Users/sava/Library/Application Support/MiKTeX/texmfs/install/tex/generic/pgf/
modules/pgfmoduleshapes.code.tex
File: pgfmoduleshapes.code.tex 2025-08-29 v3.1.11a (3.1.11a)
\pgfnodeparttextbox=\box63
)
(/Users/sava/Library/Application Support/MiKTeX/texmfs/install/tex/generic/pgf/
modules/pgfmoduleplot.code.tex
File: pgfmoduleplot.code.tex 2025-08-29 v3.1.11a (3.1.11a)
)
(/Users/sava/Library/Application Support/MiKTeX/texmfs/install/tex/latex/pgf/co
mpatibility/pgfcomp-version-0-65.sty
Package: pgfcomp-version-0-65 2025-08-29 v3.1.11a (3.1.11a)
\pgf@nodesepstart=\dimen278
\pgf@nodesepend=\dimen279
)
(/Users/sava/Library/Application Support/MiKTeX/texmfs/install/tex/latex/pgf/co
mpatibility/pgfcomp-version-1-18.sty
Package: pgfcomp-version-1-18 2025-08-29 v3.1.11a (3.1.11a)
))
(/Users/sava/Library/Application Support/MiKTeX/texmfs/install/tex/latex/pgf/ut
ilities/pgffor.sty
(/Users/sava/Library/Application Support/MiKTeX/texmfs/install/tex/latex/pgf/ut
ilities/pgfkeys.sty
(/Users/sava/Library/Application Support/MiKTeX/texmfs/install/tex/generic/pgf/
utilities/pgfkeys.code.tex))
(/Users/sava/Library/Application Support/MiKTeX/texmfs/install/tex/latex/pgf/ma
th/pgfmath.sty
(/Users/sava/Library/Application Support/MiKTeX/texmfs/install/tex/generic/pgf/
math/pgfmath.code.tex))
(/Users/sava/Library/Application Support/MiKTeX/texmfs/install/tex/generic/pgf/
utilities/pgffor.code.tex
Package: pgffor 2025-08-29 v3.1.11a (3.1.11a)
\pgffor@iter=\dimen280
\pgffor@skip=\dimen281
\pgffor@stack=\toks39
\pgffor@toks=\toks40
))
(/Users/sava/Library/Application Support/MiKTeX/texmfs/install/tex/generic/pgf/
frontendlayer/tikz/tikz.code.tex
Package: tikz 2025-08-29 v3.1.11a (3.1.11a)

(/Users/sava/Library/Application Support/MiKTeX/texmfs/install/tex/generic/pgf/
libraries/pgflibraryplothandlers.code.tex
File: pgflibraryplothandlers.code.tex 2025-08-29 v3.1.11a (3.1.11a)
\pgf@plot@mark@count=\count343
\pgfplotmarksize=\dimen282
)
\tikz@lastx=\dimen283
\tikz@lasty=\dimen284
\tikz@lastxsaved=\dimen285
\tikz@lastysaved=\dimen286
\tikz@lastmovetox=\dimen287
\tikz@lastmovetoy=\dimen288
\tikzleveldistance=\dimen289
\tikzsiblingdistance=\dimen290
\tikz@figbox=\box64
\tikz@figbox@bg=\box65
\tikz@tempbox=\box66
\tikz@tempbox@bg=\box67
\tikztreelevel=\count344
\tikznumberofchildren=\count345
\tikznumberofcurrentchild=\count346
\tikz@fig@count=\count347

(/Users/sava/Library/Application Support/MiKTeX/texmfs/install/tex/generic/pgf/
modules/pgfmodulematrix.code.tex
File: pgfmodulematrix.code.tex 2025-08-29 v3.1.11a (3.1.11a)
\pgfmatrixcurrentrow=\count348
\pgfmatrixcurrentcolumn=\count349
\pgf@matrix@numberofcolumns=\count350
)
\tikz@expandcount=\count351

(/Users/sava/Library/Application Support/MiKTeX/texmfs/install/tex/generic/pgf/
frontendlayer/tikz/libraries/tikzlibrarytopaths.code.tex
File: tikzlibrarytopaths.code.tex 2025-08-29 v3.1.11a (3.1.11a)
)))
(/Users/sava/Library/Application Support/MiKTeX/texmfs/install/tex/generic/pgf/
frontendlayer/tikz/libraries/tikzlibraryshapes.geometric.code.tex
File: tikzlibraryshapes.geometric.code.tex 2025-08-29 v3.1.11a (3.1.11a)

(/Users/sava/Library/Application Support/MiKTeX/texmfs/install/tex/generic/pgf/
libraries/shapes/pgflibraryshapes.geometric.code.tex
File: pgflibraryshapes.geometric.code.tex 2025-08-29 v3.1.11a (3.1.11a)
))
(/Users/sava/Library/Application Support/MiKTeX/texmfs/install/tex/generic/pgf/
frontendlayer/tikz/libraries/tikzlibraryarrows.code.tex
File: tikzlibraryarrows.code.tex 2025-08-29 v3.1.11a (3.1.11a)

(/Users/sava/Library/Application Support/MiKTeX/texmfs/install/tex/generic/pgf/
libraries/pgflibraryarrows.code.tex
File: pgflibraryarrows.code.tex 2025-08-29 v3.1.11a (3.1.11a)
\arrowsize=\dimen291
))
(/Users/sava/Library/Application Support/MiKTeX/texmfs/install/tex/generic/pgf/
frontendlayer/tikz/libraries/tikzlibrarypositioning.code.tex
File: tikzlibrarypositioning.code.tex 2025-08-29 v3.1.11a (3.1.11a)
)
(/Users/sava/Library/Application Support/MiKTeX/texmfs/install/tex/latex/listin
gs/lstlang1.sty
File: lstlang1.sty 2025/11/14 1.11b listings language file
)
(/Users/sava/Library/Application Support/MiKTeX/texmfs/install/tex/latex/listin
gs/lstlang1.sty
File: lstlang1.sty 2025/11/14 1.11b listings language file
)
(/Users/sava/Library/Application Support/MiKTeX/texmfs/install/tex/latex/listin
gs/lstmisc.sty
File: lstmisc.sty 2025/11/14 1.11b (Carsten Heinz)
)
Package csquotes Info: Checking for multilingual support...
Package csquotes Info: ... found 'babel' package.
Package csquotes Info: Adjusting default style.
Package csquotes Info: Redefining alias 'default' -> 'english'.

(/Users/sava/Library/Application Support/MiKTeX/texmfs/install/tex/latex/l3back
end-dev/l3backend-pdftex.def
File: l3backend-pdftex.def 2025-10-09 L3 backend support: PDF output (pdfTeX)
\l__color_backend_stack_int=\count352
) (main.aux)
\openout1 = `main.aux'.

LaTeX Font Info:    Checking defaults for OML/cmm/m/it on input line 46.
LaTeX Font Info:    ... okay on input line 46.
LaTeX Font Info:    Checking defaults for OMS/cmsy/m/n on input line 46.
LaTeX Font Info:    ... okay on input line 46.
LaTeX Font Info:    Checking defaults for OT1/cmr/m/n on input line 46.
LaTeX Font Info:    ... okay on input line 46.
LaTeX Font Info:    Checking defaults for T1/cmr/m/n on input line 46.
LaTeX Font Info:    ... okay on input line 46.
LaTeX Font Info:    Checking defaults for TS1/cmr/m/n on input line 46.
LaTeX Font Info:    ... okay on input line 46.
LaTeX Font Info:    Checking defaults for OMX/cmex/m/n on input line 46.
LaTeX Font Info:    ... okay on input line 46.
LaTeX Font Info:    Checking defaults for U/cmr/m/n on input line 46.
LaTeX Font Info:    ... okay on input line 46.
LaTeX Font Info:    Checking defaults for PD1/pdf/m/n on input line 46.
LaTeX Font Info:    ... okay on input line 46.
LaTeX Font Info:    Checking defaults for PU/pdf/m/n on input line 46.
LaTeX Font Info:    ... okay on input line 46.

(/Users/sava/Library/Application Support/MiKTeX/texmfs/install/tex/context/base
/mkii/supp-pdf.mkii
[Loading MPS to PDF converter (version 2006.09.02).]
\scratchcounter=\count353
\scratchdimen=\dimen292
\scratchbox=\box68
\nofMPsegments=\count354
\nofMParguments=\count355
\everyMPshowfont=\toks41
\MPscratchCnt=\count356
\MPscratchDim=\dimen293
\MPnumerator=\count357
\makeMPintoPDFobject=\count358
\everyMPtoPDFconversion=\toks42
)
(/Users/sava/Library/Application Support/MiKTeX/texmfs/install/tex/latex/epstop
df-pkg/epstopdf-base.sty
Package: epstopdf-base 2020-01-24 v2.11 Base part for package epstopdf
Package epstopdf-base Info: Redefining graphics rule for `.eps' on input line 4
85.

(/Users/sava/Library/Application Support/MiKTeX/texmfs/install/tex/latex/00mikt
ex/epstopdf-sys.cfg
File: epstopdf-sys.cfg 2021/03/18 v2.0 Configuration of epstopdf for MiKTeX
))
Package caption Info: Begin \AtBeginDocument code.
Package caption Info: hyperref package is loaded.
Package caption Info: listings package is loaded.
Package caption Info: End \AtBeginDocument code.

*geometry* driver: auto-detecting
*geometry* detected driver: pdftex
*geometry* verbose mode - [ preamble ] result:
* driver: pdftex
* paper: a4paper
* layout: <same size as paper>
* layoutoffset:(h,v)=(0.0pt,0.0pt)
* modes: 
* h-part:(L,W,R)=(72.26999pt, 452.9679pt, 72.26999pt)
* v-part:(T,H,B)=(72.26999pt, 700.50687pt, 72.26999pt)
* \paperwidth=597.50787pt
* \paperheight=845.04684pt
* \textwidth=452.9679pt
* \textheight=700.50687pt
* \oddsidemargin=0.0pt
* \evensidemargin=0.0pt
* \topmargin=-37.0pt
* \headheight=14.49998pt
* \headsep=25.0pt
* \topskip=12.0pt
* \footskip=30.0pt
* \marginparwidth=44.0pt
* \marginparsep=10.0pt
* \columnsep=10.0pt
* \skip\footins=10.8pt plus 4.0pt minus 2.0pt
* \hoffset=0.0pt
* \voffset=0.0pt
* \mag=1000
* \@twocolumnfalse
* \@twosidefalse
* \@mparswitchfalse
* \@reversemarginfalse
* (1in=72.27pt=25.4mm, 1cm=28.453pt)

Package hyperref Info: Link coloring OFF on input line 46.
(main.out) (main.out)
\@outlinefile=\write4
\openout4 = `main.out'.

\c@lstlisting=\count359


[1

{/Users/sava/Library/Application Support/MiKTeX/texmfs/data/fonts/map/pdftex/pd
ftex.map}]
Overfull \hbox (20.38147pt too wide) in paragraph at lines 96--97
\OT1/cmr/m/n/12 and implement a simple application that controls an LED through
 text commands transmitted
 []


Overfull \hbox (0.53305pt too wide) in paragraph at lines 118--119
\OT1/cmr/m/n/12 key technological component is the STDIO (Standard Input/Output
) library, traditionally
 []



[2]
Overfull \hbox (8.68152pt too wide) in paragraph at lines 124--125
[]\OT1/cmr/bx/n/12 Microcontroller (Arduino Uno/ATmega328P)\OT1/cmr/m/n/12 : Ce
ntral processing unit running
 []


Overfull \hbox (8.48119pt too wide) in paragraph at lines 137--138
\OT1/cmr/m/n/12 like \OT1/cmtt/m/n/12 pinMode()\OT1/cmr/m/n/12 , \OT1/cmtt/m/n/
12 digitalWrite()\OT1/cmr/m/n/12 , and \OT1/cmtt/m/n/12 Serial.begin()\OT1/cmr/
m/n/12 , simplifying low-level register
 []


Overfull \hbox (2.854pt too wide) in paragraph at lines 139--140
[]\OT1/cmr/bx/n/12 AVR-libc STDIO Library\OT1/cmr/m/n/12 : Standard C library a
dapted for AVR microcontrollers.
 []


Overfull \hbox (5.19548pt too wide) in paragraph at lines 141--142
[]\OT1/cmr/bx/n/12 Serial Terminal (PlatformIO Monitor/TeraTerm)\OT1/cmr/m/n/12
 : Software interface allowing
 []


Overfull \hbox (21.5772pt too wide) in paragraph at lines 145--146
  \OT1/cmr/m/n/12 The chosen three-layer modular architecture separates concern
s into distinct components: 
 []



[3]
Overfull \hbox (21.42422pt too wide) in paragraph at lines 148--149
[]\OT1/cmr/bx/n/12 Hardware Abstraction Layer (Led class)\OT1/cmr/m/n/12 : Enca
psulates low-level GPIO operations,
 []


Overfull \hbox (29.0035pt too wide) in paragraph at lines 155--156
\OT1/cmr/m/n/12 (each class has one clear purpose) and Open/Closed Principle (e
xtensible without modification). 
 []


Overfull \hbox (12.7813pt too wide) in paragraph at lines 161--162
[]\OT1/cmr/bx/n/12 Machine diagnostics\OT1/cmr/m/n/12 : Sending status queries 
and receiving structured text responses 
 []


Overfull \hbox (10.89685pt too wide) in paragraph at lines 167--168
[]\OT1/cmr/m/n/12 The STDIO approach provides advantages over binary protocols 
in debugging scenarios,
 []


Overfull \hbox (3.91663pt too wide) in paragraph at lines 178--178
 [][]\OT1/cmr/m/n/12 SerialComm 
 []


LaTeX Warning: `!h' float specifier changed to `!ht'.



[4]
Overfull \hbox (16.67696pt too wide) in paragraph at lines 200--201
[]\OT1/cmr/bx/n/12 STDIO Bridge\OT1/cmr/m/n/12 : Custom \OT1/cmtt/m/n/12 uartPu
tChar()\OT1/cmr/m/n/12 /\OT1/cmtt/m/n/12 uartGetChar() \OT1/cmr/m/n/12 function
s redirect standard
 []


Overfull \hbox (14.8131pt too wide) in paragraph at lines 201--202
[]\OT1/cmr/bx/n/12 Main Controller\OT1/cmr/m/n/12 : Parses received commands us
ing \OT1/cmtt/m/n/12 strcasecmp() \OT1/cmr/m/n/12 for case-insensitive
 []


Overfull \hbox (0.57112pt too wide) in paragraph at lines 203--204
[]\OT1/cmr/bx/n/12 GPIO Pin 13\OT1/cmr/m/n/12 : Physical hardware layer control
led via Arduino framework functions 
 []



[5]
LaTeX Font Info:    Trying to load font information for OMS+cmr on input line 2
31.

(/Users/sava/Library/Application Support/MiKTeX/texmfs/install/tex/latex/base/o
mscmr.fd
File: omscmr.fd 2024/11/19 v2.5n Standard LaTeX font definitions
)
LaTeX Font Info:    Font shape `OMS/cmr/m/n' in size <12> not available
(Font)              Font shape `OMS/cmsy/m/n' tried instead on input line 231.
LaTeX Font Info:    Trying to load font information for OMS+cmtt on input line 
247.
LaTeX Font Info:    No file OMScmtt.fd. on input line 247.


LaTeX Font Warning: Font shape `OMS/cmtt/m/n' undefined
(Font)              using `OMS/cmsy/m/n' instead
(Font)              for symbol `textbackslash' on input line 247.



[6]

LaTeX Warning: `!h' float specifier changed to `!ht'.


Overfull \hbox (1.99411pt too wide) in paragraph at lines 323--325
[]\OT1/cmr/bx/n/12 Flowchart Explanation: \OT1/cmr/m/n/12 The system operates i
n an event-driven loop, continuously
 []

<Diagram.png, id=152, 983.92593pt x 710.655pt>
File: Diagram.png Graphic file (type png)
<use Diagram.png>
Package pdftex.def Info: Diagram.png  used on input line 330.
(pdftex.def)             Requested size: 430.31812pt x 310.80235pt.

LaTeX Warning: `!h' float specifier changed to `!ht'.



[7]

[8]
Overfull \hbox (40.38347pt too wide) in paragraph at lines 363--364
\OT1/cmr/m/n/12 integration. Fixed-size buffer prevents dynamic memory allocati
on (no heap fragmentation). 
 []


Overfull \hbox (19.05974pt too wide) in paragraph at lines 365--366
[]\OT1/cmr/bx/n/12 Main.cpp\OT1/cmr/m/n/12 : Application logic implementing com
mand parsing and system coordination. 
 []



[9 <./Diagram.png>]
Overfull \hbox (32.96747pt too wide) in paragraph at lines 375--376
[]\OT1/cmtt/m/n/12 uartPutChar\OT1/cmr/m/n/12 : Called by \OT1/cmtt/m/n/12 prin
tf() \OT1/cmr/m/n/12 for each character output, redirects to \OT1/cmtt/m/n/12 S
erial.write() 
 []


Overfull \hbox (22.75977pt too wide) in paragraph at lines 378--379
[]\OT1/cmr/m/n/12 Reassigning \OT1/cmtt/m/n/12 stdin\OT1/cmr/m/n/12 /\OT1/cmtt/
m/n/12 stdout\OT1/cmr/m/n/12 /\OT1/cmtt/m/n/12 stderr \OT1/cmr/m/n/12 makes all
 STDIO functions use UART automatically 
 []


Overfull \hbox (4.22766pt too wide) in paragraph at lines 381--382
[]\OT1/cmr/m/n/12 This approach transforms the UART peripheral into a standard 
C I/O device, enabling
 []


Overfull \hbox (7.56204pt too wide) in paragraph at lines 402--404
\OT1/cmr/m/n/12 for null terminator, preventing buffer overflow even if user se
nds excessively long commands.
 []


Overfull \hbox (8.83983pt too wide) in paragraph at lines 409--410
  \OT1/cmr/m/n/12 The system was successfully compiled and uploaded to an Ardui
no Uno microcontroller
 []



[10]
<example.jpg, id=174, 4095.3pt x 3083.52pt>
File: example.jpg Graphic file (type jpg)
<use example.jpg>
Package pdftex.def Info: example.jpg  used on input line 448.
(pdftex.def)             Requested size: 407.66833pt x 306.9115pt.


LaTeX Warning: `!h' float specifier changed to `!ht'.

File: example.jpg Graphic file (type jpg)
<use example.jpg>
Package pdftex.def Info: example.jpg  used on input line 455.
(pdftex.def)             Requested size: 385.02547pt x 289.87915pt.

LaTeX Warning: `!h' float specifier changed to `!ht'.



[11]

LaTeX Warning: Text page 12 contains only floats.



[12 <./example.jpg>]
Overfull \hbox (25.78853pt too wide) in paragraph at lines 481--482
\OT1/cmr/m/n/12 redirects standard C I/O functions to UART hardware, providing 
a familiar programming
 []


Overfull \hbox (28.22206pt too wide) in paragraph at lines 483--484
[]\OT1/cmr/bx/n/12 Modular Architecture Benefits\OT1/cmr/m/n/12 : The separatio
n of concerns into Led and SerialComm
 []


Overfull \hbox (8.36774pt too wide) in paragraph at lines 487--488
[]\OT1/cmr/bx/n/12 Real-World Applicability\OT1/cmr/m/n/12 : The text-based com
mand interface paradigm is directly
 []


Overfull \hbox (3.9718pt too wide) in paragraph at lines 487--488
\OT1/cmr/m/n/12 applicable to industrial control systems, diagnostic tools, and
 configuration interfaces
 []


Overfull \hbox (6.94531pt too wide) in paragraph at lines 494--495
[]\OT1/cmr/bx/n/12 Command Set\OT1/cmr/m/n/12 : Limited to two commands; no sup
port for parameterized commands
 []



[13]
Overfull \hbox (3.83153pt too wide) in paragraph at lines 495--496
[]\OT1/cmr/bx/n/12 No Command History\OT1/cmr/m/n/12 : Terminal lacks recall fu
nctionality for repeated commands 
 []


Overfull \hbox (3.94267pt too wide) in paragraph at lines 517--518
[]\OT1/cmr/bx/n/12 Educational Robotics\OT1/cmr/m/n/12 : Simple text interfaces
 for robot control in STEM education 
 []


Overfull \hbox (12.17729pt too wide) in paragraph at lines 520--521
[]\OT1/cmr/m/n/12 The modular code developed in this lab will serve as reusable
 components for subsequent
 []



[14]
Overfull \hbox (29.03444pt too wide) in paragraph at lines 535--536
[]\OT1/cmr/bx/n/12 Technical Writing Refinement\OT1/cmr/m/n/12 : Grammatical co
rrections and terminology consistency
 []


Overfull \hbox (8.6315pt too wide) in paragraph at lines 538--539
[]\OT1/cmr/bx/n/12 Important Disclaimer: \OT1/cmr/m/n/12 All AI-generated conte
nt was thoroughly reviewed, validated
 []


Overfull \hbox (18.93555pt too wide) in paragraph at lines 551--554
\OT1/cmr/m/n/12 Guide for multi-file project configuration, library management,
 and advanced debugging
 []


Overfull \hbox (189.7321pt too wide) in paragraph at lines 555--558
[]$\OT1/cmtt/m/n/12 https : / / ww1 . microchip . com / downloads / en / Device
Doc / Atmel-[]7810-[]Automotive-[]Microcontrollers-[]ATmega328P _
 []



[15]
Overfull \hbox (13.40456pt too wide) in paragraph at lines 559--561
[]\OT1/cmr/bx/n/12 Embedded Systems Course Materials \OT1/cmr/m/n/12 - Technica
l University of Moldova, Software
 []


Overfull \hbox (18.23277pt too wide) in paragraph at lines 559--561
\OT1/cmr/m/n/12 Lecture notes on serial communication protocols, modular progra
mming, and embedded
 []



[16]

[17] (main.aux)
 ***********
LaTeX2e <2025-11-01>
L3 programming layer <2026-01-19>
 ***********


LaTeX Font Warning: Some font shapes were not available, defaults substituted.

Package rerunfilecheck Info: File `main.out' has not changed.
(rerunfilecheck)             Checksum: D5B8149FF4DF5C48F019A30D30DD31CA;4137.
 ) 
Here is how much of TeX's memory you used:
 26384 strings out of 469806
 502482 string characters out of 2468118
 1091208 words of memory out of 3000000
 54551 multiletter control sequences out of 15000+600000
 635358 words of font info for 66 fonts, out of 8000000 for 9000
 0 hyphenation exceptions out of 8191
 84i,11n,94p,549b,828s stack positions out of 5000i,500n,10000p,200000b,80000s
 </Users/sava/Library/Application Support/MiKTeX/texmfs/data/fonts/pk/ljfour/
jknappen/ec/dpi600/tcrm1200.pk></Users/sava/Library/Application Support/MiKTeX/
texmfs/install/fonts/type1/public/amsfonts/cm/cmbx12.pfb></Users/sava/Library/A
pplication Support/MiKTeX/texmfs/install/fonts/type1/public/amsfonts/cm/cmcsc10
.pfb></Users/sava/Library/Application Support/MiKTeX/texmfs/install/fonts/type1
/public/amsfonts/cm/cmmi12.pfb></Users/sava/Library/Application Support/MiKTeX/
texmfs/install/fonts/type1/public/amsfonts/cm/cmmi6.pfb></Users/sava/Library/Ap
plication Support/MiKTeX/texmfs/install/fonts/type1/public/amsfonts/cm/cmmi8.pf
b></Users/sava/Library/Application Support/MiKTeX/texmfs/install/fonts/type1/pu
blic/amsfonts/cm/cmr12.pfb></Users/sava/Library/Application Support/MiKTeX/texm
fs/install/fonts/type1/public/amsfonts/cm/cmr8.pfb></Users/sava/Library/Applica
tion Support/MiKTeX/texmfs/install/fonts/type1/public/amsfonts/cm/cmsy10.pfb></
Users/sava/Library/Application Support/MiKTeX/texmfs/install/fonts/type1/public
/amsfonts/cm/cmsy8.pfb></Users/sava/Library/Application Support/MiKTeX/texmfs/i
nstall/fonts/type1/public/amsfonts/cm/cmti12.pfb></Users/sava/Library/Applicati
on Support/MiKTeX/texmfs/install/fonts/type1/public/amsfonts/cm/cmtt12.pfb>
Output written on main.pdf (17 pages, 929807 bytes).
PDF statistics:
 302 PDF objects out of 1000 (max. 8388607)
 82 named destinations out of 1000 (max. 500000)
 207 words of extra memory for PDF output out of 10000 (max. 10000000)

